[dotenv@17.2.3] injecting env (2) from .env -- tip: ⚙️  suppress all logs with { quiet: true }
Server is running on port 5000
MongoDB connection established
[2025-12-17T09:02:46.199Z] GET /api/videos/all-videos
[2025-12-17T09:07:51.340Z] GET /api/videos/all-videos
[2025-12-17T09:10:43.534Z] POST /api/skills
[2025-12-17T09:10:51.515Z] GET /api/videos/all-videos
[dotenv@17.2.3] injecting env (2) from .env -- tip: 🗂️ backup and recover secrets: https://dotenvx.com/ops
Server is running on port 5000
MongoDB connection established
[2025-12-17T09:11:54.453Z] GET /api/skills
[2025-12-17T09:16:19.604Z] POST /api/auth/login
[2025-12-17T09:58:56.062Z] GET /api/videos/all-videos
[2025-12-17T09:59:00.933Z] GET /api/videos/all-videos
[2025-12-17T10:25:02.420Z] GET /api/videos/all-videos
[2025-12-17T10:25:41.332Z] POST /api/auth/login
[2025-12-17T10:29:29.393Z] POST /api/skills
[2025-12-17T10:30:03.778Z] GET /api/videos/all-videos
[2025-12-17T10:57:49.475Z] POST /api/skills
[2025-12-17T10:58:19.096Z] GET /api/videos/all-videos
[2025-12-17T11:00:20.959Z] GET /api/videos/all-videos
[2025-12-17T11:00:22.736Z] GET /api/skills
[2025-12-17T11:02:18.718Z] GET /api/videos/all-videos
[2025-12-17T11:04:57.626Z] GET /api/skills
[2025-12-17T11:05:14.221Z] GET /api/skills
[2025-12-17T11:05:38.743Z] GET /api/videos/all-videos
[2025-12-17T11:05:48.418Z] GET /api/skills
[2025-12-17T11:10:06.547Z] GET /api/skills
[2025-12-17T11:14:48.527Z] GET /api/skills
[2025-12-17T11:16:36.629Z] GET /api/skills
[2025-12-17T11:16:41.243Z] GET /api/skills
[2025-12-17T11:18:33.528Z] POST /api/auth/login
[2025-12-17T11:18:38.401Z] POST /api/auth/login
[2025-12-17T11:34:03.946Z] POST /api/skills
[2025-12-17T11:34:16.060Z] GET /api/skills
[2025-12-17T11:35:39.032Z] GET /api/skills
[2025-12-17T11:40:47.077Z] GET /api/skills
[2025-12-17T11:41:27.524Z] POST /api/auth/login
[2025-12-17T11:41:40.081Z] GET /api/skills
